<?xml version="1.0" encoding="UTF-8"?>
<!-- Generated by org.testng.reporters.JUnitReportReporter -->
<testsuite hostname="hp" failures="0" tests="3" name="priority.ContactTest" time="0.028" errors="0" timestamp="2025-10-07T12:34:35 IST" skipped="0">
  <testcase classname="priority.ContactTest" name="createContactTest" time="0.022"/>
  <system-out/>
  <testcase classname="priority.ContactTest" name="deleteContactTest" time="0.002"/>
  <system-out/>
  <testcase classname="priority.ContactTest" name="modifyContactTest" time="0.004"/>
  <system-out/>
</testsuite> <!-- priority.ContactTest -->
