<?xml version="1.0" encoding="UTF-8"?>
<!-- Generated by org.testng.reporters.JUnitReportReporter -->
<testsuite hostname="hp" failures="0" tests="11" name="dependsOnMethod.OrderTest" time="0.026" errors="0" timestamp="2025-10-07T12:39:25 IST" skipped="1">
  <testcase classname="dependsOnMethod.OrderTest" name="createOrderTest" time="0.001"/>
  <system-out/>
  <testcase classname="dependsOnMethod.OrderTest" name="createOrderTest" time="0.001"/>
  <system-out/>
  <testcase classname="dependsOnMethod.OrderTest" name="createOrderTest" time="0.001"/>
  <system-out/>
  <testcase classname="dependsOnMethod.OrderTest" name="createOrderTest" time="0.002"/>
  <system-out/>
  <testcase classname="dependsOnMethod.OrderTest" name="createOrderTest" time="0.001"/>
  <system-out/>
  <testcase classname="dependsOnMethod.OrderTest" name="createOrderTest" time="0.002"/>
  <system-out/>
  <testcase classname="dependsOnMethod.OrderTest" name="createOrderTest" time="0.012"/>
  <system-out/>
  <testcase classname="dependsOnMethod.OrderTest" name="createOrderTest" time="0.003"/>
  <system-out/>
  <testcase classname="dependsOnMethod.OrderTest" name="createOrderTest" time="0.002"/>
  <system-out/>
  <testcase classname="dependsOnMethod.OrderTest" name="createOrderTest" time="0.001"/>
  <system-out/>
  <testcase classname="dependsOnMethod.OrderTest" name="billingAndOrderTest">
    <skipped/>
  </testcase> <!-- billingAndOrderTest -->
  <system-out/>
</testsuite> <!-- dependsOnMethod.OrderTest -->
