<?xml version="1.0" encoding="UTF-8"?>
<!-- Generated by org.testng.reporters.JUnitReportReporter -->
<testsuite hostname="hp" failures="0" tests="2" name="com.pac1.CreateContactTest" time="0.010" errors="0" timestamp="2025-10-07T16:13:24 IST" skipped="0">
  <testcase classname="com.pac1.CreateContactTest" name="createContactTest" time="0.008"/>
  <system-out/>
  <testcase classname="com.pac1.CreateContactTest" name="createContactWithDateTest" time="0.002"/>
  <system-out/>
</testsuite> <!-- com.pac1.CreateContactTest -->
