<?xml version="1.0" encoding="UTF-8"?>
<!-- Generated by org.testng.reporters.JUnitReportReporter -->
<testsuite hostname="hp" failures="0" tests="2" name="com.crm.comcasr.orgTest.CreateOrgTest1" time="0.004" errors="0" timestamp="2025-10-08T10:26:36 IST" skipped="0">
  <testcase classname="com.crm.comcasr.orgTest.CreateOrgTest1" name="createOrgTest" time="0.001"/>
  <system-out/>
  <testcase classname="com.crm.comcasr.orgTest.CreateOrgTest1" name="createOrgWithIndustriesTest" time="0.003"/>
  <system-out/>
</testsuite> <!-- com.crm.comcasr.orgTest.CreateOrgTest1 -->
