<?xml version="1.0" encoding="UTF-8"?>
<!-- Generated by org.testng.reporters.JUnitReportReporter -->
<testsuite hostname="hp" failures="0" tests="3" name="dataprovider.CreateContact_DP_Test" time="0.014" errors="0" timestamp="2025-10-11T10:57:18 IST" skipped="0">
  <testcase classname="dataprovider.CreateContact_DP_Test" name="createContactTest" time="0.001"/>
  <system-out/>
  <testcase classname="dataprovider.CreateContact_DP_Test" name="createContactTest" time="0.002"/>
  <system-out/>
  <testcase classname="dataprovider.CreateContact_DP_Test" name="createContactTest" time="0.011"/>
  <system-out/>
</testsuite> <!-- dataprovider.CreateContact_DP_Test -->
