<?xml version="1.0" encoding="UTF-8"?>
<!-- Generated by org.testng.reporters.JUnitReportReporter -->
<testsuite hostname="hp" failures="0" tests="2" name="practice.hometest.HomePageSampleTest" time="0.020" errors="0" timestamp="2025-10-09T12:45:56 IST" skipped="0">
  <testcase classname="practice.hometest.HomePageSampleTest" name="verifyLoginHomePageTest" time="0.003"/>
  <system-out>
verifyLoginHomePageTestTest Start step_1 step_2 step_3 step_4 verifyLoginHomePageTestTestEnd  </system-out>
  <testcase classname="practice.hometest.HomePageSampleTest" name="homePageTest" time="0.017"/>
  <system-out>
homePageTestTest Start step_1 step_2 step_3 step_4 homePageTestTestEnd  </system-out>
</testsuite> <!-- practice.hometest.HomePageSampleTest -->
