<?xml version="1.0" encoding="UTF-8"?>
<!-- Generated by org.testng.reporters.JUnitReportReporter -->
<testsuite hostname="hp" failures="0" tests="2" name="com.crm.comcasr.orgTest.CreateOrgTest" time="0.010" errors="0" timestamp="2025-10-08T10:03:44 IST" skipped="0">
  <testcase classname="com.crm.comcasr.orgTest.CreateOrgTest" name="createOrgTest" time="0.008"/>
  <system-out/>
  <testcase classname="com.crm.comcasr.orgTest.CreateOrgTest" name="createOrgWithIndustriesTest" time="0.002"/>
  <system-out/>
</testsuite> <!-- com.crm.comcasr.orgTest.CreateOrgTest -->
