<?xml version="1.0" encoding="UTF-8"?>
<!-- Generated by org.testng.reporters.JUnitReportReporter -->
<testsuite hostname="hp" failures="0" tests="3" name="dataprovider.CreateContact_DP_Test2" time="0.025" errors="0" timestamp="2025-10-07T13:30:52 IST" skipped="0">
  <testcase classname="dataprovider.CreateContact_DP_Test2" name="createContactTest" time="0.002"/>
  <system-out/>
  <testcase classname="dataprovider.CreateContact_DP_Test2" name="createContactTest" time="0.021"/>
  <system-out/>
  <testcase classname="dataprovider.CreateContact_DP_Test2" name="createContactTest" time="0.002"/>
  <system-out/>
</testsuite> <!-- dataprovider.CreateContact_DP_Test2 -->
