<?xml version="1.0" encoding="UTF-8"?>
<!-- Generated by org.testng.reporters.JUnitReportReporter -->
<testsuite hostname="hp" failures="0" tests="2" name="practice.testng.SampleTest" time="0.012" errors="0" timestamp="2025-10-07T10:45:12 IST" skipped="0">
  <testcase classname="practice.testng.SampleTest" name="createContactTest" time="0.011"/>
  <system-out/>
  <testcase classname="practice.testng.SampleTest" name="createcontactWithMobileNumberTest" time="0.001"/>
  <system-out/>
</testsuite> <!-- practice.testng.SampleTest -->
