<?xml version="1.0" encoding="UTF-8"?>
<!-- Generated by org.testng.reporters.JUnitXMLReporter -->
<testsuite ignored="2" hostname="hp" failures="0" tests="1" name="Default test" time="2.579" errors="0" timestamp="2025-10-13T12:45:47 IST">
  <testcase classname="practice.testng.SimpleReportTest" name="createContactTest" time="2.556"/>
  <testcase classname="practice.testng.SimpleReportTest" name="createContactWithORG" time="0.0">
    <ignored/>
  </testcase> <!-- createContactWithORG -->
  <testcase classname="practice.testng.SimpleReportTest" name="createContactWithPhoneNumber" time="0.0">
    <ignored/>
  </testcase> <!-- createContactWithPhoneNumber -->
</testsuite> <!-- Default test -->
