<?xml version="1.0" encoding="UTF-8"?>
<!-- Generated by org.testng.reporters.JUnitXMLReporter -->
<testsuite ignored="2" hostname="hp" failures="0" tests="4" name="Test" time="0.046" errors="0" timestamp="2025-10-08T10:26:36 IST">
  <testcase classname="com.crm.comcast.contacttest.CreateContactTest1" name="createContactTest" time="0.005"/>
  <testcase classname="com.crm.comcast.contacttest.CreateContactTest1" name="createContactWithDateTest" time="0.001"/>
  <testcase classname="com.crm.comcasr.orgTest.CreateOrgTest1" name="createOrgTest" time="0.001"/>
  <testcase classname="com.crm.comcasr.orgTest.CreateOrgTest1" name="createOrgWithIndustriesTest" time="0.003"/>
  <testcase classname="com.crm.generic.baseutility.BaseClass" name="@AfterSuite configAS" time="0.0">
    <ignored/>
  </testcase> <!-- @AfterSuite configAS -->
  <testcase classname="com.crm.generic.baseutility.BaseClass" name="@BeforeSuite configBS" time="0.0">
    <ignored/>
  </testcase> <!-- @BeforeSuite configBS -->
</testsuite> <!-- Test -->
