<?xml version="1.0" encoding="UTF-8"?>
<testng-results ignored="2" total="3" passed="1" failed="0" skipped="0">
  <reporter-output>
  </reporter-output>
  <suite started-at="2025-10-13T12:45:45 IST" name="Default suite" finished-at="2025-10-13T12:45:47 IST" duration-ms="2579">
    <groups>
    </groups>
    <test started-at="2025-10-13T12:45:45 IST" name="Default test" finished-at="2025-10-13T12:45:47 IST" duration-ms="2579">
      <class name="practice.testng.SimpleReportTest">
        <test-method is-config="true" signature="configBS()[pri:0, instance:practice.testng.SimpleReportTest@481a996b]" started-at="2025-10-13T12:45:45 IST" name="configBS" finished-at="2025-10-13T12:45:45 IST" duration-ms="202" status="PASS">
          <reporter-output>
          </reporter-output>
        </test-method> <!-- configBS -->
        <test-method signature="createContactTest()[pri:0, instance:practice.testng.SimpleReportTest@481a996b]" started-at="2025-10-13T12:45:45 IST" name="createContactTest" finished-at="2025-10-13T12:45:47 IST" duration-ms="2556" status="PASS">
          <reporter-output>
          </reporter-output>
        </test-method> <!-- createContactTest -->
        <test-method is-config="true" signature="configAS()[pri:0, instance:practice.testng.SimpleReportTest@481a996b]" started-at="2025-10-13T12:45:47 IST" name="configAS" finished-at="2025-10-13T12:45:48 IST" duration-ms="240" status="PASS">
          <reporter-output>
          </reporter-output>
        </test-method> <!-- configAS -->
      </class> <!-- practice.testng.SimpleReportTest -->
    </test> <!-- Default test -->
  </suite> <!-- Default suite -->
</testng-results>
